<?xml version="1.0" encoding="UTF-8"?>
<testsuite name="com.example.hellospring.demo.DemoApplicationTests" tests="1" skipped="0" failures="0" errors="0" timestamp="2024-10-15T12:41:01" hostname="Kums-Mac-mini.local" time="0.411">
  <properties/>
  <testcase name="contextLoads()" classname="com.example.hellospring.demo.DemoApplicationTests" time="0.411"/>
  <system-out><![CDATA[21:41:00.660 [Test worker] INFO org.springframework.test.context.support.AnnotationConfigContextLoaderUtils -- Could not detect default configuration classes for test class [com.example.hellospring.demo.DemoApplicationTests]: DemoApplicationTests does not declare any static, non-private, non-final, nested classes annotated with @Configuration.
21:41:00.698 [Test worker] INFO org.springframework.boot.test.context.SpringBootTestContextBootstrapper -- Found @SpringBootConfiguration com.example.hellospring.demo.DemoApplication for test class com.example.hellospring.demo.DemoApplicationTests

  .   ____          _            __ _ _
 /\\ / ___'_ __ _ _(_)_ __  __ _ \ \ \ \
( ( )\___ | '_ | '_| | '_ \/ _` | \ \ \ \
 \\/  ___)| |_)| | | | | || (_| |  ) ) ) )
  '  |____| .__|_| |_|_| |_\__, | / / / /
 =========|_|==============|___/=/_/_/_/

 :: Spring Boot ::                (v3.3.4)

2024-10-15T21:41:00.840+09:00  INFO 1613 --- [demo] [    Test worker] c.e.h.demo.DemoApplicationTests          : Starting DemoApplicationTests using Java 17.0.10 with PID 1613 (started by gold in /Users/gold/Documents/GitHub/spring-first-inflearn)
2024-10-15T21:41:00.841+09:00  INFO 1613 --- [demo] [    Test worker] c.e.h.demo.DemoApplicationTests          : No active profile set, falling back to 1 default profile: "default"
2024-10-15T21:41:01.160+09:00  INFO 1613 --- [demo] [    Test worker] o.s.b.a.w.s.WelcomePageHandlerMapping    : Adding welcome page: class path resource [static/index.html]
2024-10-15T21:41:01.259+09:00  INFO 1613 --- [demo] [    Test worker] c.e.h.demo.DemoApplicationTests          : Started DemoApplicationTests in 0.51 seconds (process running for 0.933)
]]></system-out>
  <system-err><![CDATA[]]></system-err>
</testsuite>
