<?xml version="1.0" encoding="UTF-8"?>
<testsuite name="com.hello.demo.domain.member.MemberRepositoryTest" tests="2" skipped="0" failures="0" errors="0" timestamp="2025-01-01T13:06:54" hostname="Kums-Mac-mini.local" time="0.038">
  <properties/>
  <testcase name="findAll()" classname="com.hello.demo.domain.member.MemberRepositoryTest" time="0.037"/>
  <testcase name="save()" classname="com.hello.demo.domain.member.MemberRepositoryTest" time="0.001"/>
  <system-out><![CDATA[]]></system-out>
  <system-err><![CDATA[]]></system-err>
</testsuite>
